<?xml version="1.0" encoding="UTF-8"?>
<testsuite name="com.sinensia.demo.HelloSpringTestingApplicationTests" tests="1" skipped="0" failures="0" errors="0" timestamp="2022-06-16T08:59:41" hostname="sinensia-virtual-machine" time="0.439">
  <properties/>
  <testcase name="contextLoads()" classname="com.sinensia.demo.HelloSpringTestingApplicationTests" time="0.439"/>
  <system-out><![CDATA[10:59:37.627 [Test worker] DEBUG org.springframework.test.context.BootstrapUtils - Instantiating CacheAwareContextLoaderDelegate from class [org.springframework.test.context.cache.DefaultCacheAwareContextLoaderDelegate]
10:59:37.649 [Test worker] DEBUG org.springframework.test.context.BootstrapUtils - Instantiating BootstrapContext using constructor [public org.springframework.test.context.support.DefaultBootstrapContext(java.lang.Class,org.springframework.test.context.CacheAwareContextLoaderDelegate)]
10:59:37.729 [Test worker] DEBUG org.springframework.test.context.BootstrapUtils - Instantiating TestContextBootstrapper for test class [com.sinensia.demo.HelloSpringTestingApplicationTests] from class [org.springframework.boot.test.context.SpringBootTestContextBootstrapper]
10:59:37.763 [Test worker] INFO org.springframework.boot.test.context.SpringBootTestContextBootstrapper - Neither @ContextConfiguration nor @ContextHierarchy found for test class [com.sinensia.demo.HelloSpringTestingApplicationTests], using SpringBootContextLoader
10:59:37.771 [Test worker] DEBUG org.springframework.test.context.support.AbstractContextLoader - Did not detect default resource location for test class [com.sinensia.demo.HelloSpringTestingApplicationTests]: class path resource [com/sinensia/demo/HelloSpringTestingApplicationTests-context.xml] does not exist
10:59:37.775 [Test worker] DEBUG org.springframework.test.context.support.AbstractContextLoader - Did not detect default resource location for test class [com.sinensia.demo.HelloSpringTestingApplicationTests]: class path resource [com/sinensia/demo/HelloSpringTestingApplicationTestsContext.groovy] does not exist
10:59:37.775 [Test worker] INFO org.springframework.test.context.support.AbstractContextLoader - Could not detect default resource locations for test class [com.sinensia.demo.HelloSpringTestingApplicationTests]: no resource found for suffixes {-context.xml, Context.groovy}.
10:59:37.781 [Test worker] INFO org.springframework.test.context.support.AnnotationConfigContextLoaderUtils - Could not detect default configuration classes for test class [com.sinensia.demo.HelloSpringTestingApplicationTests]: HelloSpringTestingApplicationTests does not declare any static, non-private, non-final, nested classes annotated with @Configuration.
10:59:37.888 [Test worker] DEBUG org.springframework.test.context.support.ActiveProfilesUtils - Could not find an 'annotation declaring class' for annotation type [org.springframework.test.context.ActiveProfiles] and class [com.sinensia.demo.HelloSpringTestingApplicationTests]
10:59:38.055 [Test worker] DEBUG org.springframework.context.annotation.ClassPathScanningCandidateComponentProvider - Identified candidate component class: file [/home/sinensia/hello-spring-testing/build/classes/java/main/com/sinensia/demo/HelloSpringTestingApplication.class]
10:59:38.074 [Test worker] INFO org.springframework.boot.test.context.SpringBootTestContextBootstrapper - Found @SpringBootConfiguration com.sinensia.demo.HelloSpringTestingApplication for test class com.sinensia.demo.HelloSpringTestingApplicationTests
10:59:38.220 [Test worker] DEBUG org.springframework.boot.test.context.SpringBootTestContextBootstrapper - @TestExecutionListeners is not present for class [com.sinensia.demo.HelloSpringTestingApplicationTests]: using defaults.
10:59:38.221 [Test worker] INFO org.springframework.boot.test.context.SpringBootTestContextBootstrapper - Loaded default TestExecutionListener class names from location [META-INF/spring.factories]: [org.springframework.boot.test.autoconfigure.restdocs.RestDocsTestExecutionListener, org.springframework.boot.test.autoconfigure.web.client.MockRestServiceServerResetTestExecutionListener, org.springframework.boot.test.autoconfigure.web.servlet.MockMvcPrintOnlyOnFailureTestExecutionListener, org.springframework.boot.test.autoconfigure.web.servlet.WebDriverTestExecutionListener, org.springframework.boot.test.autoconfigure.webservices.client.MockWebServiceServerTestExecutionListener, org.springframework.boot.test.mock.mockito.MockitoTestExecutionListener, org.springframework.boot.test.mock.mockito.ResetMocksTestExecutionListener, org.springframework.test.context.web.ServletTestExecutionListener, org.springframework.test.context.support.DirtiesContextBeforeModesTestExecutionListener, org.springframework.test.context.event.ApplicationEventsTestExecutionListener, org.springframework.test.context.support.DependencyInjectionTestExecutionListener, org.springframework.test.context.support.DirtiesContextTestExecutionListener, org.springframework.test.context.transaction.TransactionalTestExecutionListener, org.springframework.test.context.jdbc.SqlScriptsTestExecutionListener, org.springframework.test.context.event.EventPublishingTestExecutionListener]
10:59:38.241 [Test worker] DEBUG org.springframework.boot.test.context.SpringBootTestContextBootstrapper - Skipping candidate TestExecutionListener [org.springframework.test.context.transaction.TransactionalTestExecutionListener] due to a missing dependency. Specify custom listener classes or make the default listener classes and their required dependencies available. Offending class: [org/springframework/transaction/interceptor/TransactionAttributeSource]
10:59:38.243 [Test worker] DEBUG org.springframework.boot.test.context.SpringBootTestContextBootstrapper - Skipping candidate TestExecutionListener [org.springframework.test.context.jdbc.SqlScriptsTestExecutionListener] due to a missing dependency. Specify custom listener classes or make the default listener classes and their required dependencies available. Offending class: [org/springframework/transaction/interceptor/TransactionAttribute]
10:59:38.244 [Test worker] INFO org.springframework.boot.test.context.SpringBootTestContextBootstrapper - Using TestExecutionListeners: [org.springframework.test.context.web.ServletTestExecutionListener@275fe372, org.springframework.test.context.support.DirtiesContextBeforeModesTestExecutionListener@40e10ff8, org.springframework.test.context.event.ApplicationEventsTestExecutionListener@557a1e2d, org.springframework.boot.test.mock.mockito.MockitoTestExecutionListener@26a4842b, org.springframework.boot.test.autoconfigure.SpringBootDependencyInjectionTestExecutionListener@7e38a7fe, org.springframework.test.context.support.DirtiesContextTestExecutionListener@366ef90e, org.springframework.test.context.event.EventPublishingTestExecutionListener@33e01298, org.springframework.boot.test.autoconfigure.restdocs.RestDocsTestExecutionListener@31e75d13, org.springframework.boot.test.autoconfigure.web.client.MockRestServiceServerResetTestExecutionListener@a5b0b86, org.springframework.boot.test.autoconfigure.web.servlet.MockMvcPrintOnlyOnFailureTestExecutionListener@4b3c354a, org.springframework.boot.test.autoconfigure.web.servlet.WebDriverTestExecutionListener@78fb9a67, org.springframework.boot.test.autoconfigure.webservices.client.MockWebServiceServerTestExecutionListener@73ff4fae, org.springframework.boot.test.mock.mockito.ResetMocksTestExecutionListener@21aa6d6c]
10:59:38.249 [Test worker] DEBUG org.springframework.test.context.support.AbstractDirtiesContextTestExecutionListener - Before test class: context [DefaultTestContext@20b5f2ac testClass = HelloSpringTestingApplicationTests, testInstance = [null], testMethod = [null], testException = [null], mergedContextConfiguration = [WebMergedContextConfiguration@7fc44dec testClass = HelloSpringTestingApplicationTests, locations = '{}', classes = '{class com.sinensia.demo.HelloSpringTestingApplication}', contextInitializerClasses = '[]', activeProfiles = '{}', propertySourceLocations = '{}', propertySourceProperties = '{org.springframework.boot.test.context.SpringBootTestContextBootstrapper=true}', contextCustomizers = set[org.springframework.boot.test.autoconfigure.actuate.metrics.MetricsExportContextCustomizerFactory$DisableMetricExportContextCustomizer@5ba88be8, org.springframework.boot.test.autoconfigure.properties.PropertyMappingContextCustomizer@0, org.springframework.boot.test.autoconfigure.web.servlet.WebDriverContextCustomizerFactory$Customizer@7ae42ce3, org.springframework.boot.test.context.filter.ExcludeFilterContextCustomizer@38234a38, org.springframework.boot.test.json.DuplicateJsonObjectContextCustomizerFactory$DuplicateJsonObjectContextCustomizer@32c726ee, org.springframework.boot.test.mock.mockito.MockitoContextCustomizer@0, org.springframework.boot.test.web.client.TestRestTemplateContextCustomizer@d62fe5b, org.springframework.boot.test.context.SpringBootTestArgs@1, org.springframework.boot.test.context.SpringBootTestWebEnvironment@2002fc1d], resourceBasePath = 'src/main/webapp', contextLoader = 'org.springframework.boot.test.context.SpringBootContextLoader', parent = [null]], attributes = map['org.springframework.test.context.web.ServletTestExecutionListener.activateListener' -> true]], class annotated with @DirtiesContext [false] with mode [null].

  .   ____          _            __ _ _
 /\\ / ___'_ __ _ _(_)_ __  __ _ \ \ \ \
( ( )\___ | '_ | '_| | '_ \/ _` | \ \ \ \
 \\/  ___)| |_)| | | | | || (_| |  ) ) ) )
  '  |____| .__|_| |_|_| |_\__, | / / / /
 =========|_|==============|___/=/_/_/_/
 :: Spring Boot ::                (v2.7.0)

2022-06-16 10:59:38.949  INFO 76733 --- [    Test worker] c.s.d.HelloSpringTestingApplicationTests : Starting HelloSpringTestingApplicationTests using Java 11.0.15 on sinensia-virtual-machine with PID 76733 (started by sinensia in /home/sinensia/hello-spring-testing)
2022-06-16 10:59:38.955  INFO 76733 --- [    Test worker] c.s.d.HelloSpringTestingApplicationTests : No active profile set, falling back to 1 default profile: "default"
2022-06-16 10:59:41.640  INFO 76733 --- [    Test worker] c.s.d.HelloSpringTestingApplicationTests : Started HelloSpringTestingApplicationTests in 3.325 seconds (JVM running for 6.564)
]]></system-out>
  <system-err><![CDATA[]]></system-err>
</testsuite>
