<?xml version="1.0" encoding="UTF-8"?>
<testsuite name="com.sinensia.demo.SmokeTest" tests="2" skipped="0" failures="0" errors="0" timestamp="2022-06-16T08:59:45" hostname="sinensia-virtual-machine" time="0.042">
  <properties/>
  <testcase name="contextLoads()" classname="com.sinensia.demo.SmokeTest" time="0.014"/>
  <testcase name="controllerRoot()" classname="com.sinensia.demo.SmokeTest" time="0.012"/>
  <system-out><![CDATA[2022-06-16 10:59:45.083  INFO 76733 --- [    Test worker] .b.t.c.SpringBootTestContextBootstrapper : Neither @ContextConfiguration nor @ContextHierarchy found for test class [com.sinensia.demo.SmokeTest], using SpringBootContextLoader
2022-06-16 10:59:45.094  INFO 76733 --- [    Test worker] o.s.t.c.support.AbstractContextLoader    : Could not detect default resource locations for test class [com.sinensia.demo.SmokeTest]: no resource found for suffixes {-context.xml, Context.groovy}.
2022-06-16 10:59:45.096  INFO 76733 --- [    Test worker] t.c.s.AnnotationConfigContextLoaderUtils : Could not detect default configuration classes for test class [com.sinensia.demo.SmokeTest]: SmokeTest does not declare any static, non-private, non-final, nested classes annotated with @Configuration.
2022-06-16 10:59:45.101  INFO 76733 --- [    Test worker] .b.t.c.SpringBootTestContextBootstrapper : Found @SpringBootConfiguration com.sinensia.demo.HelloSpringTestingApplication for test class com.sinensia.demo.SmokeTest
2022-06-16 10:59:45.113  INFO 76733 --- [    Test worker] .b.t.c.SpringBootTestContextBootstrapper : Loaded default TestExecutionListener class names from location [META-INF/spring.factories]: [org.springframework.boot.test.autoconfigure.restdocs.RestDocsTestExecutionListener, org.springframework.boot.test.autoconfigure.web.client.MockRestServiceServerResetTestExecutionListener, org.springframework.boot.test.autoconfigure.web.servlet.MockMvcPrintOnlyOnFailureTestExecutionListener, org.springframework.boot.test.autoconfigure.web.servlet.WebDriverTestExecutionListener, org.springframework.boot.test.autoconfigure.webservices.client.MockWebServiceServerTestExecutionListener, org.springframework.boot.test.mock.mockito.MockitoTestExecutionListener, org.springframework.boot.test.mock.mockito.ResetMocksTestExecutionListener, org.springframework.test.context.web.ServletTestExecutionListener, org.springframework.test.context.support.DirtiesContextBeforeModesTestExecutionListener, org.springframework.test.context.event.ApplicationEventsTestExecutionListener, org.springframework.test.context.support.DependencyInjectionTestExecutionListener, org.springframework.test.context.support.DirtiesContextTestExecutionListener, org.springframework.test.context.transaction.TransactionalTestExecutionListener, org.springframework.test.context.jdbc.SqlScriptsTestExecutionListener, org.springframework.test.context.event.EventPublishingTestExecutionListener]
2022-06-16 10:59:45.119  INFO 76733 --- [    Test worker] .b.t.c.SpringBootTestContextBootstrapper : Using TestExecutionListeners: [org.springframework.test.context.web.ServletTestExecutionListener@30798137, org.springframework.test.context.support.DirtiesContextBeforeModesTestExecutionListener@455da438, org.springframework.test.context.event.ApplicationEventsTestExecutionListener@60652518, org.springframework.boot.test.mock.mockito.MockitoTestExecutionListener@438aaa9f, org.springframework.boot.test.autoconfigure.SpringBootDependencyInjectionTestExecutionListener@3f06ebe0, org.springframework.test.context.support.DirtiesContextTestExecutionListener@1752e45c, org.springframework.test.context.event.EventPublishingTestExecutionListener@5ed65e4b, org.springframework.boot.test.autoconfigure.restdocs.RestDocsTestExecutionListener@481ed95c, org.springframework.boot.test.autoconfigure.web.client.MockRestServiceServerResetTestExecutionListener@40cf6254, org.springframework.boot.test.autoconfigure.web.servlet.MockMvcPrintOnlyOnFailureTestExecutionListener@40bf0e15, org.springframework.boot.test.autoconfigure.web.servlet.WebDriverTestExecutionListener@2c77344f, org.springframework.boot.test.autoconfigure.webservices.client.MockWebServiceServerTestExecutionListener@121ddca4, org.springframework.boot.test.mock.mockito.ResetMocksTestExecutionListener@297bd171]
]]></system-out>
  <system-err><![CDATA[]]></system-err>
</testsuite>
