<?xml version="1.0" encoding="UTF-8"?>
<testsuite name="com.sinensia.demo.WebLayerTest" tests="1" skipped="0" failures="0" errors="0" timestamp="2022-06-16T13:45:08" hostname="sinensia-virtual-machine" time="0.103">
  <properties/>
  <testcase name="shouldReturnDefaultMessage()" classname="com.sinensia.demo.WebLayerTest" time="0.103"/>
  <system-out><![CDATA[2022-06-16 15:45:07.004  INFO 88340 --- [    Test worker] .b.t.a.w.s.WebMvcTestContextBootstrapper : Neither @ContextConfiguration nor @ContextHierarchy found for test class [com.sinensia.demo.WebLayerTest], using SpringBootContextLoader
2022-06-16 15:45:07.017  INFO 88340 --- [    Test worker] o.s.t.c.support.AbstractContextLoader    : Could not detect default resource locations for test class [com.sinensia.demo.WebLayerTest]: no resource found for suffixes {-context.xml, Context.groovy}.
2022-06-16 15:45:07.018  INFO 88340 --- [    Test worker] t.c.s.AnnotationConfigContextLoaderUtils : Could not detect default configuration classes for test class [com.sinensia.demo.WebLayerTest]: WebLayerTest does not declare any static, non-private, non-final, nested classes annotated with @Configuration.
2022-06-16 15:45:07.077  INFO 88340 --- [    Test worker] .b.t.c.SpringBootTestContextBootstrapper : Found @SpringBootConfiguration com.sinensia.demo.HelloSpringTestingApplication for test class com.sinensia.demo.WebLayerTest
2022-06-16 15:45:07.089  INFO 88340 --- [    Test worker] .b.t.a.w.s.WebMvcTestContextBootstrapper : Loaded default TestExecutionListener class names from location [META-INF/spring.factories]: [org.springframework.boot.test.autoconfigure.restdocs.RestDocsTestExecutionListener, org.springframework.boot.test.autoconfigure.web.client.MockRestServiceServerResetTestExecutionListener, org.springframework.boot.test.autoconfigure.web.servlet.MockMvcPrintOnlyOnFailureTestExecutionListener, org.springframework.boot.test.autoconfigure.web.servlet.WebDriverTestExecutionListener, org.springframework.boot.test.autoconfigure.webservices.client.MockWebServiceServerTestExecutionListener, org.springframework.boot.test.mock.mockito.MockitoTestExecutionListener, org.springframework.boot.test.mock.mockito.ResetMocksTestExecutionListener, org.springframework.test.context.web.ServletTestExecutionListener, org.springframework.test.context.support.DirtiesContextBeforeModesTestExecutionListener, org.springframework.test.context.event.ApplicationEventsTestExecutionListener, org.springframework.test.context.support.DependencyInjectionTestExecutionListener, org.springframework.test.context.support.DirtiesContextTestExecutionListener, org.springframework.test.context.transaction.TransactionalTestExecutionListener, org.springframework.test.context.jdbc.SqlScriptsTestExecutionListener, org.springframework.test.context.event.EventPublishingTestExecutionListener]
2022-06-16 15:45:07.093  INFO 88340 --- [    Test worker] .b.t.a.w.s.WebMvcTestContextBootstrapper : Using TestExecutionListeners: [org.springframework.test.context.web.ServletTestExecutionListener@61ebd2d9, org.springframework.test.context.support.DirtiesContextBeforeModesTestExecutionListener@54c8a898, org.springframework.test.context.event.ApplicationEventsTestExecutionListener@2ced1690, org.springframework.boot.test.mock.mockito.MockitoTestExecutionListener@65289aa1, org.springframework.boot.test.autoconfigure.SpringBootDependencyInjectionTestExecutionListener@5a6af1c7, org.springframework.test.context.support.DirtiesContextTestExecutionListener@4b771e7a, org.springframework.test.context.event.EventPublishingTestExecutionListener@feac812, org.springframework.boot.test.autoconfigure.restdocs.RestDocsTestExecutionListener@2e36a6dc, org.springframework.boot.test.autoconfigure.web.client.MockRestServiceServerResetTestExecutionListener@23df8e14, org.springframework.boot.test.autoconfigure.web.servlet.MockMvcPrintOnlyOnFailureTestExecutionListener@5028c0db, org.springframework.boot.test.autoconfigure.web.servlet.WebDriverTestExecutionListener@9db3894, org.springframework.boot.test.autoconfigure.webservices.client.MockWebServiceServerTestExecutionListener@12407f35, org.springframework.boot.test.mock.mockito.ResetMocksTestExecutionListener@4d30ec47]

  .   ____          _            __ _ _
 /\\ / ___'_ __ _ _(_)_ __  __ _ \ \ \ \
( ( )\___ | '_ | '_| | '_ \/ _` | \ \ \ \
 \\/  ___)| |_)| | | | | || (_| |  ) ) ) )
  '  |____| .__|_| |_|_| |_\__, | / / / /
 =========|_|==============|___/=/_/_/_/
 :: Spring Boot ::                (v2.7.0)

2022-06-16 15:45:07.234  INFO 88340 --- [    Test worker] com.sinensia.demo.WebLayerTest           : Starting WebLayerTest using Java 11.0.15 on sinensia-virtual-machine with PID 88340 (started by sinensia in /home/sinensia/hello-spring-testing)
2022-06-16 15:45:07.246  INFO 88340 --- [    Test worker] com.sinensia.demo.WebLayerTest           : No active profile set, falling back to 1 default profile: "default"
2022-06-16 15:45:08.100  INFO 88340 --- [    Test worker] o.s.b.t.m.w.SpringBootMockServletContext : Initializing Spring TestDispatcherServlet ''
2022-06-16 15:45:08.101  INFO 88340 --- [    Test worker] o.s.t.web.servlet.TestDispatcherServlet  : Initializing Servlet ''
2022-06-16 15:45:08.113  INFO 88340 --- [    Test worker] o.s.t.web.servlet.TestDispatcherServlet  : Completed initialization in 1 ms
2022-06-16 15:45:08.150  INFO 88340 --- [    Test worker] com.sinensia.demo.WebLayerTest           : Started WebLayerTest in 1.047 seconds (JVM running for 28.464)

MockHttpServletRequest:
      HTTP Method = GET
      Request URI = /
       Parameters = {}
          Headers = []
             Body = null
    Session Attrs = {}

Handler:
             Type = com.sinensia.demo.HomeController
           Method = com.sinensia.demo.HomeController#greeting()

Async:
    Async started = false
     Async result = null

Resolved Exception:
             Type = null

ModelAndView:
        View name = null
             View = null
            Model = null

FlashMap:
       Attributes = null

MockHttpServletResponse:
           Status = 200
    Error message = null
          Headers = [Content-Type:"text/plain;charset=UTF-8", Content-Length:"11"]
     Content type = text/plain;charset=UTF-8
             Body = Hola ke ase
    Forwarded URL = null
   Redirected URL = null
          Cookies = []
]]></system-out>
  <system-err><![CDATA[]]></system-err>
</testsuite>
