<?xml version="1.0" encoding="UTF-8"?>
<testsuite name="com.sinensia.demo.WebMockTest" tests="1" skipped="0" failures="0" errors="0" timestamp="2022-06-16T08:59:47" hostname="sinensia-virtual-machine" time="0.036">
  <properties/>
  <testcase name="greetingShouldReturnMessageFromService()" classname="com.sinensia.demo.WebMockTest" time="0.036"/>
  <system-out><![CDATA[2022-06-16 10:59:46.810  INFO 76733 --- [    Test worker] .b.t.a.w.s.WebMvcTestContextBootstrapper : Neither @ContextConfiguration nor @ContextHierarchy found for test class [com.sinensia.demo.WebMockTest], using SpringBootContextLoader
2022-06-16 10:59:46.813  INFO 76733 --- [    Test worker] o.s.t.c.support.AbstractContextLoader    : Could not detect default resource locations for test class [com.sinensia.demo.WebMockTest]: no resource found for suffixes {-context.xml, Context.groovy}.
2022-06-16 10:59:46.814  INFO 76733 --- [    Test worker] t.c.s.AnnotationConfigContextLoaderUtils : Could not detect default configuration classes for test class [com.sinensia.demo.WebMockTest]: WebMockTest does not declare any static, non-private, non-final, nested classes annotated with @Configuration.
2022-06-16 10:59:46.847  INFO 76733 --- [    Test worker] .b.t.c.SpringBootTestContextBootstrapper : Found @SpringBootConfiguration com.sinensia.demo.HelloSpringTestingApplication for test class com.sinensia.demo.WebMockTest
2022-06-16 10:59:46.858  INFO 76733 --- [    Test worker] .b.t.a.w.s.WebMvcTestContextBootstrapper : Loaded default TestExecutionListener class names from location [META-INF/spring.factories]: [org.springframework.boot.test.autoconfigure.restdocs.RestDocsTestExecutionListener, org.springframework.boot.test.autoconfigure.web.client.MockRestServiceServerResetTestExecutionListener, org.springframework.boot.test.autoconfigure.web.servlet.MockMvcPrintOnlyOnFailureTestExecutionListener, org.springframework.boot.test.autoconfigure.web.servlet.WebDriverTestExecutionListener, org.springframework.boot.test.autoconfigure.webservices.client.MockWebServiceServerTestExecutionListener, org.springframework.boot.test.mock.mockito.MockitoTestExecutionListener, org.springframework.boot.test.mock.mockito.ResetMocksTestExecutionListener, org.springframework.test.context.web.ServletTestExecutionListener, org.springframework.test.context.support.DirtiesContextBeforeModesTestExecutionListener, org.springframework.test.context.event.ApplicationEventsTestExecutionListener, org.springframework.test.context.support.DependencyInjectionTestExecutionListener, org.springframework.test.context.support.DirtiesContextTestExecutionListener, org.springframework.test.context.transaction.TransactionalTestExecutionListener, org.springframework.test.context.jdbc.SqlScriptsTestExecutionListener, org.springframework.test.context.event.EventPublishingTestExecutionListener]
2022-06-16 10:59:46.861  INFO 76733 --- [    Test worker] .b.t.a.w.s.WebMvcTestContextBootstrapper : Using TestExecutionListeners: [org.springframework.test.context.web.ServletTestExecutionListener@4eb1943b, org.springframework.test.context.support.DirtiesContextBeforeModesTestExecutionListener@4e2824b1, org.springframework.test.context.event.ApplicationEventsTestExecutionListener@534d0e20, org.springframework.boot.test.mock.mockito.MockitoTestExecutionListener@7d18338b, org.springframework.boot.test.autoconfigure.SpringBootDependencyInjectionTestExecutionListener@3f4a605f, org.springframework.test.context.support.DirtiesContextTestExecutionListener@30c8c6ab, org.springframework.test.context.event.EventPublishingTestExecutionListener@bcfe29c, org.springframework.boot.test.autoconfigure.restdocs.RestDocsTestExecutionListener@37f71c05, org.springframework.boot.test.autoconfigure.web.client.MockRestServiceServerResetTestExecutionListener@5bd3ca3c, org.springframework.boot.test.autoconfigure.web.servlet.MockMvcPrintOnlyOnFailureTestExecutionListener@2dd8a273, org.springframework.boot.test.autoconfigure.web.servlet.WebDriverTestExecutionListener@59f76e56, org.springframework.boot.test.autoconfigure.webservices.client.MockWebServiceServerTestExecutionListener@566f4659, org.springframework.boot.test.mock.mockito.ResetMocksTestExecutionListener@1328f482]

  .   ____          _            __ _ _
 /\\ / ___'_ __ _ _(_)_ __  __ _ \ \ \ \
( ( )\___ | '_ | '_| | '_ \/ _` | \ \ \ \
 \\/  ___)| |_)| | | | | || (_| |  ) ) ) )
  '  |____| .__|_| |_|_| |_\__, | / / / /
 =========|_|==============|___/=/_/_/_/
 :: Spring Boot ::                (v2.7.0)

2022-06-16 10:59:46.930  INFO 76733 --- [    Test worker] com.sinensia.demo.WebMockTest            : Starting WebMockTest using Java 11.0.15 on sinensia-virtual-machine with PID 76733 (started by sinensia in /home/sinensia/hello-spring-testing)
2022-06-16 10:59:46.931  INFO 76733 --- [    Test worker] com.sinensia.demo.WebMockTest            : No active profile set, falling back to 1 default profile: "default"
2022-06-16 10:59:47.443  INFO 76733 --- [    Test worker] o.s.b.t.m.w.SpringBootMockServletContext : Initializing Spring TestDispatcherServlet ''
2022-06-16 10:59:47.445  INFO 76733 --- [    Test worker] o.s.t.web.servlet.TestDispatcherServlet  : Initializing Servlet ''
2022-06-16 10:59:47.446  INFO 76733 --- [    Test worker] o.s.t.web.servlet.TestDispatcherServlet  : Completed initialization in 1 ms
2022-06-16 10:59:47.461  INFO 76733 --- [    Test worker] com.sinensia.demo.WebMockTest            : Started WebMockTest in 0.587 seconds (JVM running for 12.385)

MockHttpServletRequest:
      HTTP Method = GET
      Request URI = /greeting
       Parameters = {}
          Headers = []
             Body = null
    Session Attrs = {}

Handler:
             Type = com.sinensia.demo.GreetingController
           Method = com.sinensia.demo.GreetingController#greeting()

Async:
    Async started = false
     Async result = null

Resolved Exception:
             Type = null

ModelAndView:
        View name = null
             View = null
            Model = null

FlashMap:
       Attributes = null

MockHttpServletResponse:
           Status = 200
    Error message = null
          Headers = [Content-Type:"text/plain;charset=UTF-8", Content-Length:"11"]
     Content type = text/plain;charset=UTF-8
             Body = Hello, Mock
    Forwarded URL = null
   Redirected URL = null
          Cookies = []
]]></system-out>
  <system-err><![CDATA[]]></system-err>
</testsuite>
