<?xml version="1.0" encoding="UTF-8"?>
<testsuite name="com.sinensia.demo.SmokeTest" tests="2" skipped="0" failures="0" errors="0" timestamp="2022-06-16T13:45:05" hostname="sinensia-virtual-machine" time="0.099">
  <properties/>
  <testcase name="contextLoads()" classname="com.sinensia.demo.SmokeTest" time="0.028"/>
  <testcase name="controllerRoot()" classname="com.sinensia.demo.SmokeTest" time="0.05"/>
  <system-out><![CDATA[2022-06-16 15:45:05.066  INFO 88340 --- [    Test worker] .b.t.c.SpringBootTestContextBootstrapper : Neither @ContextConfiguration nor @ContextHierarchy found for test class [com.sinensia.demo.SmokeTest], using SpringBootContextLoader
2022-06-16 15:45:05.091  INFO 88340 --- [    Test worker] o.s.t.c.support.AbstractContextLoader    : Could not detect default resource locations for test class [com.sinensia.demo.SmokeTest]: no resource found for suffixes {-context.xml, Context.groovy}.
2022-06-16 15:45:05.096  INFO 88340 --- [    Test worker] t.c.s.AnnotationConfigContextLoaderUtils : Could not detect default configuration classes for test class [com.sinensia.demo.SmokeTest]: SmokeTest does not declare any static, non-private, non-final, nested classes annotated with @Configuration.
2022-06-16 15:45:05.118  INFO 88340 --- [    Test worker] .b.t.c.SpringBootTestContextBootstrapper : Found @SpringBootConfiguration com.sinensia.demo.HelloSpringTestingApplication for test class com.sinensia.demo.SmokeTest
2022-06-16 15:45:05.138  INFO 88340 --- [    Test worker] .b.t.c.SpringBootTestContextBootstrapper : Loaded default TestExecutionListener class names from location [META-INF/spring.factories]: [org.springframework.boot.test.autoconfigure.restdocs.RestDocsTestExecutionListener, org.springframework.boot.test.autoconfigure.web.client.MockRestServiceServerResetTestExecutionListener, org.springframework.boot.test.autoconfigure.web.servlet.MockMvcPrintOnlyOnFailureTestExecutionListener, org.springframework.boot.test.autoconfigure.web.servlet.WebDriverTestExecutionListener, org.springframework.boot.test.autoconfigure.webservices.client.MockWebServiceServerTestExecutionListener, org.springframework.boot.test.mock.mockito.MockitoTestExecutionListener, org.springframework.boot.test.mock.mockito.ResetMocksTestExecutionListener, org.springframework.test.context.web.ServletTestExecutionListener, org.springframework.test.context.support.DirtiesContextBeforeModesTestExecutionListener, org.springframework.test.context.event.ApplicationEventsTestExecutionListener, org.springframework.test.context.support.DependencyInjectionTestExecutionListener, org.springframework.test.context.support.DirtiesContextTestExecutionListener, org.springframework.test.context.transaction.TransactionalTestExecutionListener, org.springframework.test.context.jdbc.SqlScriptsTestExecutionListener, org.springframework.test.context.event.EventPublishingTestExecutionListener]
2022-06-16 15:45:05.172  INFO 88340 --- [    Test worker] .b.t.c.SpringBootTestContextBootstrapper : Using TestExecutionListeners: [org.springframework.test.context.web.ServletTestExecutionListener@3a5537e6, org.springframework.test.context.support.DirtiesContextBeforeModesTestExecutionListener@7a48b916, org.springframework.test.context.event.ApplicationEventsTestExecutionListener@18722983, org.springframework.boot.test.mock.mockito.MockitoTestExecutionListener@422ea9f7, org.springframework.boot.test.autoconfigure.SpringBootDependencyInjectionTestExecutionListener@51574c53, org.springframework.test.context.support.DirtiesContextTestExecutionListener@6ee8df66, org.springframework.test.context.event.EventPublishingTestExecutionListener@675fcd09, org.springframework.boot.test.autoconfigure.restdocs.RestDocsTestExecutionListener@5009b104, org.springframework.boot.test.autoconfigure.web.client.MockRestServiceServerResetTestExecutionListener@3b575a82, org.springframework.boot.test.autoconfigure.web.servlet.MockMvcPrintOnlyOnFailureTestExecutionListener@13eca161, org.springframework.boot.test.autoconfigure.web.servlet.WebDriverTestExecutionListener@a420190, org.springframework.boot.test.autoconfigure.webservices.client.MockWebServiceServerTestExecutionListener@17de104d, org.springframework.boot.test.mock.mockito.ResetMocksTestExecutionListener@16dcdb7e]
]]></system-out>
  <system-err><![CDATA[]]></system-err>
</testsuite>
