<?xml version="1.0" encoding="UTF-8"?>
<testsuite name="com.sinensia.demo.HelloSpringTestingApplicationTests" tests="1" skipped="0" failures="0" errors="0" timestamp="2022-06-16T13:44:55" hostname="sinensia-virtual-machine" time="1.052">
  <properties/>
  <testcase name="contextLoads()" classname="com.sinensia.demo.HelloSpringTestingApplicationTests" time="1.052"/>
  <system-out><![CDATA[15:44:43.388 [Test worker] DEBUG org.springframework.test.context.BootstrapUtils - Instantiating CacheAwareContextLoaderDelegate from class [org.springframework.test.context.cache.DefaultCacheAwareContextLoaderDelegate]
15:44:43.477 [Test worker] DEBUG org.springframework.test.context.BootstrapUtils - Instantiating BootstrapContext using constructor [public org.springframework.test.context.support.DefaultBootstrapContext(java.lang.Class,org.springframework.test.context.CacheAwareContextLoaderDelegate)]
15:44:43.704 [Test worker] DEBUG org.springframework.test.context.BootstrapUtils - Instantiating TestContextBootstrapper for test class [com.sinensia.demo.HelloSpringTestingApplicationTests] from class [org.springframework.boot.test.context.SpringBootTestContextBootstrapper]
15:44:43.754 [Test worker] INFO org.springframework.boot.test.context.SpringBootTestContextBootstrapper - Neither @ContextConfiguration nor @ContextHierarchy found for test class [com.sinensia.demo.HelloSpringTestingApplicationTests], using SpringBootContextLoader
15:44:43.778 [Test worker] DEBUG org.springframework.test.context.support.AbstractContextLoader - Did not detect default resource location for test class [com.sinensia.demo.HelloSpringTestingApplicationTests]: class path resource [com/sinensia/demo/HelloSpringTestingApplicationTests-context.xml] does not exist
15:44:43.780 [Test worker] DEBUG org.springframework.test.context.support.AbstractContextLoader - Did not detect default resource location for test class [com.sinensia.demo.HelloSpringTestingApplicationTests]: class path resource [com/sinensia/demo/HelloSpringTestingApplicationTestsContext.groovy] does not exist
15:44:43.781 [Test worker] INFO org.springframework.test.context.support.AbstractContextLoader - Could not detect default resource locations for test class [com.sinensia.demo.HelloSpringTestingApplicationTests]: no resource found for suffixes {-context.xml, Context.groovy}.
15:44:43.790 [Test worker] INFO org.springframework.test.context.support.AnnotationConfigContextLoaderUtils - Could not detect default configuration classes for test class [com.sinensia.demo.HelloSpringTestingApplicationTests]: HelloSpringTestingApplicationTests does not declare any static, non-private, non-final, nested classes annotated with @Configuration.
15:44:44.161 [Test worker] DEBUG org.springframework.test.context.support.ActiveProfilesUtils - Could not find an 'annotation declaring class' for annotation type [org.springframework.test.context.ActiveProfiles] and class [com.sinensia.demo.HelloSpringTestingApplicationTests]
15:44:44.590 [Test worker] DEBUG org.springframework.context.annotation.ClassPathScanningCandidateComponentProvider - Identified candidate component class: file [/home/sinensia/hello-spring-testing/build/classes/java/main/com/sinensia/demo/HelloSpringTestingApplication.class]
15:44:44.622 [Test worker] INFO org.springframework.boot.test.context.SpringBootTestContextBootstrapper - Found @SpringBootConfiguration com.sinensia.demo.HelloSpringTestingApplication for test class com.sinensia.demo.HelloSpringTestingApplicationTests
15:44:45.414 [Test worker] DEBUG org.springframework.boot.test.context.SpringBootTestContextBootstrapper - @TestExecutionListeners is not present for class [com.sinensia.demo.HelloSpringTestingApplicationTests]: using defaults.
15:44:45.417 [Test worker] INFO org.springframework.boot.test.context.SpringBootTestContextBootstrapper - Loaded default TestExecutionListener class names from location [META-INF/spring.factories]: [org.springframework.boot.test.autoconfigure.restdocs.RestDocsTestExecutionListener, org.springframework.boot.test.autoconfigure.web.client.MockRestServiceServerResetTestExecutionListener, org.springframework.boot.test.autoconfigure.web.servlet.MockMvcPrintOnlyOnFailureTestExecutionListener, org.springframework.boot.test.autoconfigure.web.servlet.WebDriverTestExecutionListener, org.springframework.boot.test.autoconfigure.webservices.client.MockWebServiceServerTestExecutionListener, org.springframework.boot.test.mock.mockito.MockitoTestExecutionListener, org.springframework.boot.test.mock.mockito.ResetMocksTestExecutionListener, org.springframework.test.context.web.ServletTestExecutionListener, org.springframework.test.context.support.DirtiesContextBeforeModesTestExecutionListener, org.springframework.test.context.event.ApplicationEventsTestExecutionListener, org.springframework.test.context.support.DependencyInjectionTestExecutionListener, org.springframework.test.context.support.DirtiesContextTestExecutionListener, org.springframework.test.context.transaction.TransactionalTestExecutionListener, org.springframework.test.context.jdbc.SqlScriptsTestExecutionListener, org.springframework.test.context.event.EventPublishingTestExecutionListener]
15:44:45.493 [Test worker] DEBUG org.springframework.boot.test.context.SpringBootTestContextBootstrapper - Skipping candidate TestExecutionListener [org.springframework.test.context.transaction.TransactionalTestExecutionListener] due to a missing dependency. Specify custom listener classes or make the default listener classes and their required dependencies available. Offending class: [org/springframework/transaction/interceptor/TransactionAttributeSource]
15:44:45.497 [Test worker] DEBUG org.springframework.boot.test.context.SpringBootTestContextBootstrapper - Skipping candidate TestExecutionListener [org.springframework.test.context.jdbc.SqlScriptsTestExecutionListener] due to a missing dependency. Specify custom listener classes or make the default listener classes and their required dependencies available. Offending class: [org/springframework/transaction/interceptor/TransactionAttribute]
15:44:45.499 [Test worker] INFO org.springframework.boot.test.context.SpringBootTestContextBootstrapper - Using TestExecutionListeners: [org.springframework.test.context.web.ServletTestExecutionListener@578198d9, org.springframework.test.context.support.DirtiesContextBeforeModesTestExecutionListener@4deca78, org.springframework.test.context.event.ApplicationEventsTestExecutionListener@5f65e0c0, org.springframework.boot.test.mock.mockito.MockitoTestExecutionListener@566cc6af, org.springframework.boot.test.autoconfigure.SpringBootDependencyInjectionTestExecutionListener@d70dbeb, org.springframework.test.context.support.DirtiesContextTestExecutionListener@7f8f5d37, org.springframework.test.context.event.EventPublishingTestExecutionListener@f9cd1e6, org.springframework.boot.test.autoconfigure.restdocs.RestDocsTestExecutionListener@3ff53704, org.springframework.boot.test.autoconfigure.web.client.MockRestServiceServerResetTestExecutionListener@34d11c92, org.springframework.boot.test.autoconfigure.web.servlet.MockMvcPrintOnlyOnFailureTestExecutionListener@31b289da, org.springframework.boot.test.autoconfigure.web.servlet.WebDriverTestExecutionListener@58486deb, org.springframework.boot.test.autoconfigure.webservices.client.MockWebServiceServerTestExecutionListener@4e933cf1, org.springframework.boot.test.mock.mockito.ResetMocksTestExecutionListener@729a9c3d]
15:44:45.511 [Test worker] DEBUG org.springframework.test.context.support.AbstractDirtiesContextTestExecutionListener - Before test class: context [DefaultTestContext@117069f2 testClass = HelloSpringTestingApplicationTests, testInstance = [null], testMethod = [null], testException = [null], mergedContextConfiguration = [WebMergedContextConfiguration@77ebc9e6 testClass = HelloSpringTestingApplicationTests, locations = '{}', classes = '{class com.sinensia.demo.HelloSpringTestingApplication}', contextInitializerClasses = '[]', activeProfiles = '{}', propertySourceLocations = '{}', propertySourceProperties = '{org.springframework.boot.test.context.SpringBootTestContextBootstrapper=true}', contextCustomizers = set[org.springframework.boot.test.autoconfigure.actuate.metrics.MetricsExportContextCustomizerFactory$DisableMetricExportContextCustomizer@57e03347, org.springframework.boot.test.autoconfigure.properties.PropertyMappingContextCustomizer@0, org.springframework.boot.test.autoconfigure.web.servlet.WebDriverContextCustomizerFactory$Customizer@38c761e9, org.springframework.boot.test.context.filter.ExcludeFilterContextCustomizer@5d66ae3a, org.springframework.boot.test.json.DuplicateJsonObjectContextCustomizerFactory$DuplicateJsonObjectContextCustomizer@401788d5, org.springframework.boot.test.mock.mockito.MockitoContextCustomizer@0, org.springframework.boot.test.web.client.TestRestTemplateContextCustomizer@7574d4ad, org.springframework.boot.test.context.SpringBootTestArgs@1, org.springframework.boot.test.context.SpringBootTestWebEnvironment@14379273], resourceBasePath = 'src/main/webapp', contextLoader = 'org.springframework.boot.test.context.SpringBootContextLoader', parent = [null]], attributes = map['org.springframework.test.context.web.ServletTestExecutionListener.activateListener' -> true]], class annotated with @DirtiesContext [false] with mode [null].

  .   ____          _            __ _ _
 /\\ / ___'_ __ _ _(_)_ __  __ _ \ \ \ \
( ( )\___ | '_ | '_| | '_ \/ _` | \ \ \ \
 \\/  ___)| |_)| | | | | || (_| |  ) ) ) )
  '  |____| .__|_| |_|_| |_\__, | / / / /
 =========|_|==============|___/=/_/_/_/
 :: Spring Boot ::                (v2.7.0)

2022-06-16 15:44:46.908  INFO 88340 --- [    Test worker] c.s.d.HelloSpringTestingApplicationTests : Starting HelloSpringTestingApplicationTests using Java 11.0.15 on sinensia-virtual-machine with PID 88340 (started by sinensia in /home/sinensia/hello-spring-testing)
2022-06-16 15:44:46.922  INFO 88340 --- [    Test worker] c.s.d.HelloSpringTestingApplicationTests : No active profile set, falling back to 1 default profile: "default"
2022-06-16 15:44:55.203  INFO 88340 --- [    Test worker] c.s.d.HelloSpringTestingApplicationTests : Started HelloSpringTestingApplicationTests in 9.558 seconds (JVM running for 15.516)
]]></system-out>
  <system-err><![CDATA[]]></system-err>
</testsuite>
