<?xml version="1.0" encoding="UTF-8"?>
<testsuite name="com.sinensia.demo.WebMockTest" tests="1" skipped="0" failures="0" errors="0" timestamp="2022-06-16T13:45:10" hostname="sinensia-virtual-machine" time="0.219">
  <properties/>
  <testcase name="greetingShouldReturnMessageFromService()" classname="com.sinensia.demo.WebMockTest" time="0.219"/>
  <system-out><![CDATA[2022-06-16 15:45:08.315  INFO 88340 --- [    Test worker] .b.t.a.w.s.WebMvcTestContextBootstrapper : Neither @ContextConfiguration nor @ContextHierarchy found for test class [com.sinensia.demo.WebMockTest], using SpringBootContextLoader
2022-06-16 15:45:08.331  INFO 88340 --- [    Test worker] o.s.t.c.support.AbstractContextLoader    : Could not detect default resource locations for test class [com.sinensia.demo.WebMockTest]: no resource found for suffixes {-context.xml, Context.groovy}.
2022-06-16 15:45:08.342  INFO 88340 --- [    Test worker] t.c.s.AnnotationConfigContextLoaderUtils : Could not detect default configuration classes for test class [com.sinensia.demo.WebMockTest]: WebMockTest does not declare any static, non-private, non-final, nested classes annotated with @Configuration.
2022-06-16 15:45:08.395  INFO 88340 --- [    Test worker] .b.t.c.SpringBootTestContextBootstrapper : Found @SpringBootConfiguration com.sinensia.demo.HelloSpringTestingApplication for test class com.sinensia.demo.WebMockTest
2022-06-16 15:45:08.404  INFO 88340 --- [    Test worker] .b.t.a.w.s.WebMvcTestContextBootstrapper : Loaded default TestExecutionListener class names from location [META-INF/spring.factories]: [org.springframework.boot.test.autoconfigure.restdocs.RestDocsTestExecutionListener, org.springframework.boot.test.autoconfigure.web.client.MockRestServiceServerResetTestExecutionListener, org.springframework.boot.test.autoconfigure.web.servlet.MockMvcPrintOnlyOnFailureTestExecutionListener, org.springframework.boot.test.autoconfigure.web.servlet.WebDriverTestExecutionListener, org.springframework.boot.test.autoconfigure.webservices.client.MockWebServiceServerTestExecutionListener, org.springframework.boot.test.mock.mockito.MockitoTestExecutionListener, org.springframework.boot.test.mock.mockito.ResetMocksTestExecutionListener, org.springframework.test.context.web.ServletTestExecutionListener, org.springframework.test.context.support.DirtiesContextBeforeModesTestExecutionListener, org.springframework.test.context.event.ApplicationEventsTestExecutionListener, org.springframework.test.context.support.DependencyInjectionTestExecutionListener, org.springframework.test.context.support.DirtiesContextTestExecutionListener, org.springframework.test.context.transaction.TransactionalTestExecutionListener, org.springframework.test.context.jdbc.SqlScriptsTestExecutionListener, org.springframework.test.context.event.EventPublishingTestExecutionListener]
2022-06-16 15:45:08.430  INFO 88340 --- [    Test worker] .b.t.a.w.s.WebMvcTestContextBootstrapper : Using TestExecutionListeners: [org.springframework.test.context.web.ServletTestExecutionListener@22fba5df, org.springframework.test.context.support.DirtiesContextBeforeModesTestExecutionListener@4980d7bb, org.springframework.test.context.event.ApplicationEventsTestExecutionListener@55cb146f, org.springframework.boot.test.mock.mockito.MockitoTestExecutionListener@578eb5b9, org.springframework.boot.test.autoconfigure.SpringBootDependencyInjectionTestExecutionListener@282427ca, org.springframework.test.context.support.DirtiesContextTestExecutionListener@67d6007a, org.springframework.test.context.event.EventPublishingTestExecutionListener@6ab30883, org.springframework.boot.test.autoconfigure.restdocs.RestDocsTestExecutionListener@48325b11, org.springframework.boot.test.autoconfigure.web.client.MockRestServiceServerResetTestExecutionListener@41a12faa, org.springframework.boot.test.autoconfigure.web.servlet.MockMvcPrintOnlyOnFailureTestExecutionListener@16a32234, org.springframework.boot.test.autoconfigure.web.servlet.WebDriverTestExecutionListener@64a6d773, org.springframework.boot.test.autoconfigure.webservices.client.MockWebServiceServerTestExecutionListener@3e16e225, org.springframework.boot.test.mock.mockito.ResetMocksTestExecutionListener@76824632]

  .   ____          _            __ _ _
 /\\ / ___'_ __ _ _(_)_ __  __ _ \ \ \ \
( ( )\___ | '_ | '_| | '_ \/ _` | \ \ \ \
 \\/  ___)| |_)| | | | | || (_| |  ) ) ) )
  '  |____| .__|_| |_|_| |_\__, | / / / /
 =========|_|==============|___/=/_/_/_/
 :: Spring Boot ::                (v2.7.0)

2022-06-16 15:45:08.568  INFO 88340 --- [    Test worker] com.sinensia.demo.WebMockTest            : Starting WebMockTest using Java 11.0.15 on sinensia-virtual-machine with PID 88340 (started by sinensia in /home/sinensia/hello-spring-testing)
2022-06-16 15:45:08.570  INFO 88340 --- [    Test worker] com.sinensia.demo.WebMockTest            : No active profile set, falling back to 1 default profile: "default"
2022-06-16 15:45:10.266  INFO 88340 --- [    Test worker] o.s.b.t.m.w.SpringBootMockServletContext : Initializing Spring TestDispatcherServlet ''
2022-06-16 15:45:10.273  INFO 88340 --- [    Test worker] o.s.t.web.servlet.TestDispatcherServlet  : Initializing Servlet ''
2022-06-16 15:45:10.280  INFO 88340 --- [    Test worker] o.s.t.web.servlet.TestDispatcherServlet  : Completed initialization in 4 ms
2022-06-16 15:45:10.368  INFO 88340 --- [    Test worker] com.sinensia.demo.WebMockTest            : Started WebMockTest in 1.923 seconds (JVM running for 30.682)

MockHttpServletRequest:
      HTTP Method = GET
      Request URI = /greeting
       Parameters = {}
          Headers = []
             Body = null
    Session Attrs = {}

Handler:
             Type = com.sinensia.demo.GreetingController
           Method = com.sinensia.demo.GreetingController#greeting()

Async:
    Async started = false
     Async result = null

Resolved Exception:
             Type = null

ModelAndView:
        View name = null
             View = null
            Model = null

FlashMap:
       Attributes = null

MockHttpServletResponse:
           Status = 200
    Error message = null
          Headers = [Content-Type:"text/plain;charset=UTF-8", Content-Length:"11"]
     Content type = text/plain;charset=UTF-8
             Body = Hello, Mock
    Forwarded URL = null
   Redirected URL = null
          Cookies = []
]]></system-out>
  <system-err><![CDATA[]]></system-err>
</testsuite>
