<?xml version="1.0" encoding="UTF-8"?>
<testsuite name="com.sinensia.demo.WebLayerTest" tests="1" skipped="0" failures="0" errors="0" timestamp="2022-06-16T08:59:46" hostname="sinensia-virtual-machine" time="0.032">
  <properties/>
  <testcase name="shouldReturnDefaultMessage()" classname="com.sinensia.demo.WebLayerTest" time="0.032"/>
  <system-out><![CDATA[2022-06-16 10:59:46.259  INFO 76733 --- [    Test worker] .b.t.a.w.s.WebMvcTestContextBootstrapper : Neither @ContextConfiguration nor @ContextHierarchy found for test class [com.sinensia.demo.WebLayerTest], using SpringBootContextLoader
2022-06-16 10:59:46.260  INFO 76733 --- [    Test worker] o.s.t.c.support.AbstractContextLoader    : Could not detect default resource locations for test class [com.sinensia.demo.WebLayerTest]: no resource found for suffixes {-context.xml, Context.groovy}.
2022-06-16 10:59:46.263  INFO 76733 --- [    Test worker] t.c.s.AnnotationConfigContextLoaderUtils : Could not detect default configuration classes for test class [com.sinensia.demo.WebLayerTest]: WebLayerTest does not declare any static, non-private, non-final, nested classes annotated with @Configuration.
2022-06-16 10:59:46.277  INFO 76733 --- [    Test worker] .b.t.c.SpringBootTestContextBootstrapper : Found @SpringBootConfiguration com.sinensia.demo.HelloSpringTestingApplication for test class com.sinensia.demo.WebLayerTest
2022-06-16 10:59:46.300  INFO 76733 --- [    Test worker] .b.t.a.w.s.WebMvcTestContextBootstrapper : Loaded default TestExecutionListener class names from location [META-INF/spring.factories]: [org.springframework.boot.test.autoconfigure.restdocs.RestDocsTestExecutionListener, org.springframework.boot.test.autoconfigure.web.client.MockRestServiceServerResetTestExecutionListener, org.springframework.boot.test.autoconfigure.web.servlet.MockMvcPrintOnlyOnFailureTestExecutionListener, org.springframework.boot.test.autoconfigure.web.servlet.WebDriverTestExecutionListener, org.springframework.boot.test.autoconfigure.webservices.client.MockWebServiceServerTestExecutionListener, org.springframework.boot.test.mock.mockito.MockitoTestExecutionListener, org.springframework.boot.test.mock.mockito.ResetMocksTestExecutionListener, org.springframework.test.context.web.ServletTestExecutionListener, org.springframework.test.context.support.DirtiesContextBeforeModesTestExecutionListener, org.springframework.test.context.event.ApplicationEventsTestExecutionListener, org.springframework.test.context.support.DependencyInjectionTestExecutionListener, org.springframework.test.context.support.DirtiesContextTestExecutionListener, org.springframework.test.context.transaction.TransactionalTestExecutionListener, org.springframework.test.context.jdbc.SqlScriptsTestExecutionListener, org.springframework.test.context.event.EventPublishingTestExecutionListener]
2022-06-16 10:59:46.305  INFO 76733 --- [    Test worker] .b.t.a.w.s.WebMvcTestContextBootstrapper : Using TestExecutionListeners: [org.springframework.test.context.web.ServletTestExecutionListener@11228bee, org.springframework.test.context.support.DirtiesContextBeforeModesTestExecutionListener@7d626f2, org.springframework.test.context.event.ApplicationEventsTestExecutionListener@460f1cdb, org.springframework.boot.test.mock.mockito.MockitoTestExecutionListener@31e7afde, org.springframework.boot.test.autoconfigure.SpringBootDependencyInjectionTestExecutionListener@349f3ff7, org.springframework.test.context.support.DirtiesContextTestExecutionListener@2487e20, org.springframework.test.context.event.EventPublishingTestExecutionListener@3c9f4376, org.springframework.boot.test.autoconfigure.restdocs.RestDocsTestExecutionListener@308a9264, org.springframework.boot.test.autoconfigure.web.client.MockRestServiceServerResetTestExecutionListener@7da77305, org.springframework.boot.test.autoconfigure.web.servlet.MockMvcPrintOnlyOnFailureTestExecutionListener@3cdfbbef, org.springframework.boot.test.autoconfigure.web.servlet.WebDriverTestExecutionListener@7a1ddbf1, org.springframework.boot.test.autoconfigure.webservices.client.MockWebServiceServerTestExecutionListener@1e606f64, org.springframework.boot.test.mock.mockito.ResetMocksTestExecutionListener@581918f6]

  .   ____          _            __ _ _
 /\\ / ___'_ __ _ _(_)_ __  __ _ \ \ \ \
( ( )\___ | '_ | '_| | '_ \/ _` | \ \ \ \
 \\/  ___)| |_)| | | | | || (_| |  ) ) ) )
  '  |____| .__|_| |_|_| |_\__, | / / / /
 =========|_|==============|___/=/_/_/_/
 :: Spring Boot ::                (v2.7.0)

2022-06-16 10:59:46.351  INFO 76733 --- [    Test worker] com.sinensia.demo.WebLayerTest           : Starting WebLayerTest using Java 11.0.15 on sinensia-virtual-machine with PID 76733 (started by sinensia in /home/sinensia/hello-spring-testing)
2022-06-16 10:59:46.352  INFO 76733 --- [    Test worker] com.sinensia.demo.WebLayerTest           : No active profile set, falling back to 1 default profile: "default"
2022-06-16 10:59:46.744  INFO 76733 --- [    Test worker] o.s.b.t.m.w.SpringBootMockServletContext : Initializing Spring TestDispatcherServlet ''
2022-06-16 10:59:46.745  INFO 76733 --- [    Test worker] o.s.t.web.servlet.TestDispatcherServlet  : Initializing Servlet ''
2022-06-16 10:59:46.746  INFO 76733 --- [    Test worker] o.s.t.web.servlet.TestDispatcherServlet  : Completed initialization in 1 ms
2022-06-16 10:59:46.759  INFO 76733 --- [    Test worker] com.sinensia.demo.WebLayerTest           : Started WebLayerTest in 0.451 seconds (JVM running for 11.683)

MockHttpServletRequest:
      HTTP Method = GET
      Request URI = /
       Parameters = {}
          Headers = []
             Body = null
    Session Attrs = {}

Handler:
             Type = com.sinensia.demo.HomeController
           Method = com.sinensia.demo.HomeController#greeting()

Async:
    Async started = false
     Async result = null

Resolved Exception:
             Type = null

ModelAndView:
        View name = null
             View = null
            Model = null

FlashMap:
       Attributes = null

MockHttpServletResponse:
           Status = 200
    Error message = null
          Headers = [Content-Type:"text/plain;charset=UTF-8", Content-Length:"11"]
     Content type = text/plain;charset=UTF-8
             Body = Hola ke ase
    Forwarded URL = null
   Redirected URL = null
          Cookies = []
]]></system-out>
  <system-err><![CDATA[]]></system-err>
</testsuite>
